<?xml version="1.0" encoding="UTF-8"?>
<testsuite xmlns:xsi="http://www.w3.org/2001/XMLSchema-instance" xsi:noNamespaceSchemaLocation="https://maven.apache.org/surefire/maven-surefire-plugin/xsd/surefire-test-report-3.0.xsd" version="3.0" name="PersonTest" time="0.315" tests="1" errors="0" skipped="0" failures="1">
  <properties>
[...]
</properties>
  <testcase name="testEqualsAndHashCodeContract" classname="PersonTest" time="0.282">
    <failure message="EqualsVerifier found a problem in class com.example.Person.&#10;-&gt; Mutability: equals depends on mutable field lastName.&#10;Make the field final, suppress Warning.NONFINAL_FIELDS or use EqualsVerifier.simple()&#10;&#10;For more information, go to: https://www.jqno.nl/equalsverifier/errormessages&#10;(EqualsVerifier 3.15.5, JDK 17.0.8 on Windows 10)" type="java.lang.AssertionError"><![CDATA[java.lang.AssertionError: 
EqualsVerifier found a problem in class com.example.Person.
-> Mutability: equals depends on mutable field lastName.
Make the field final, suppress Warning.NONFINAL_FIELDS or use EqualsVerifier.simple()

For more information, go to: https://www.jqno.nl/equalsverifier/errormessages
(EqualsVerifier 3.15.5, JDK 17.0.8 on Windows 10)
	at nl.jqno.equalsverifier.api.SingleTypeEqualsVerifierApi.verify(SingleTypeEqualsVerifierApi.java:349)
	at PersonTest.testEqualsAndHashCodeContract(PersonTest.java:20)
	at java.base/java.lang.reflect.Method.invoke(Method.java:568)
	at java.base/java.util.ArrayList.forEach(ArrayList.java:1511)
	at java.base/java.util.ArrayList.forEach(ArrayList.java:1511)
Caused by: nl.jqno.equalsverifier.internal.exceptions.AssertionException
	at nl.jqno.equalsverifier.internal.util.Assert.fail(Assert.java:64)
	at nl.jqno.equalsverifier.internal.checkers.fieldchecks.MutableStateFieldCheck.execute(MutableStateFieldCheck.java:57)
	at nl.jqno.equalsverifier.internal.checkers.FieldInspector.check(FieldInspector.java:29)
	at nl.jqno.equalsverifier.internal.checkers.FieldsChecker.check(FieldsChecker.java:73)
	at nl.jqno.equalsverifier.api.SingleTypeEqualsVerifierApi.verifyWithExamples(SingleTypeEqualsVerifierApi.java:466)
	at nl.jqno.equalsverifier.api.SingleTypeEqualsVerifierApi.performVerification(SingleTypeEqualsVerifierApi.java:420)
	at nl.jqno.equalsverifier.api.SingleTypeEqualsVerifierApi.verify(SingleTypeEqualsVerifierApi.java:347)
	... 4 more
]]></failure>
    <system-out><![CDATA[Запускаємо перевірку контракту equals/hashCode для класу Person...
]]></system-out>
  </testcase>
</testsuite>