<?xml version="1.0" encoding="UTF-8"?>
<testsuite xmlns:xsi="http://www.w3.org/2001/XMLSchema-instance" xsi:noNamespaceSchemaLocation="https://maven.apache.org/surefire/maven-surefire-plugin/xsd/surefire-test-report-3.0.xsd" version="3.0" name="PersonTest" time="0.315" tests="1" errors="0" skipped="0" failures="1">
  <properties>
    <property name="java.specification.version" value="17"/>
    <property name="sun.cpu.isalist" value="amd64"/>
    <property name="sun.jnu.encoding" value="Cp1251"/>
    <property name="java.class.path" value="D:\Desktop\JavaLabs\lab2\demo\target\test-classes;D:\Desktop\JavaLabs\lab2\demo\target\classes;C:\Users\User-BN3U78\.m2\repository\com\google\code\gson\gson\2.10.1\gson-2.10.1.jar;C:\Users\User-BN3U78\.m2\repository\org\junit\jupiter\junit-jupiter-api\5.10.0\junit-jupiter-api-5.10.0.jar;C:\Users\User-BN3U78\.m2\repository\org\opentest4j\opentest4j\1.3.0\opentest4j-1.3.0.jar;C:\Users\User-BN3U78\.m2\repository\org\junit\platform\junit-platform-commons\1.10.0\junit-platform-commons-1.10.0.jar;C:\Users\User-BN3U78\.m2\repository\org\apiguardian\apiguardian-api\1.1.2\apiguardian-api-1.1.2.jar;C:\Users\User-BN3U78\.m2\repository\nl\jqno\equalsverifier\equalsverifier\3.15.5\equalsverifier-3.15.5.jar;C:\Users\User-BN3U78\.m2\repository\org\objenesis\objenesis\3.3\objenesis-3.3.jar;C:\Users\User-BN3U78\.m2\repository\net\bytebuddy\byte-buddy\1.14.11\byte-buddy-1.14.11.jar;"/>
    <property name="java.vm.vendor" value="Oracle Corporation"/>
    <property name="sun.arch.data.model" value="64"/>
    <property name="user.variant" value=""/>
    <property name="java.vendor.url" value="https://java.oracle.com/"/>
    <property name="user.timezone" value="Europe/Kiev"/>
    <property name="user.country.format" value="UA"/>
    <property name="os.name" value="Windows 10"/>
    <property name="java.vm.specification.version" value="17"/>
    <property name="user.country" value="RU"/>
    <property name="sun.java.launcher" value="SUN_STANDARD"/>
    <property name="sun.boot.library.path" value="C:\Program Files\Java\jdk-17\bin"/>
    <property name="sun.java.command" value="C:\Users\User-BN3U78\AppData\Local\Temp\surefire18315191044107981321\surefirebooter-20251111233638618_3.jar C:\Users\User-BN3U78\AppData\Local\Temp\surefire18315191044107981321 2025-11-11T23-36-38_386-jvmRun1 surefire-20251111233638618_1tmp surefire_0-20251111233638618_2tmp"/>
    <property name="jdk.debug" value="release"/>
    <property name="test" value="PersonTest"/>
    <property name="surefire.test.class.path" value="D:\Desktop\JavaLabs\lab2\demo\target\test-classes;D:\Desktop\JavaLabs\lab2\demo\target\classes;C:\Users\User-BN3U78\.m2\repository\com\google\code\gson\gson\2.10.1\gson-2.10.1.jar;C:\Users\User-BN3U78\.m2\repository\org\junit\jupiter\junit-jupiter-api\5.10.0\junit-jupiter-api-5.10.0.jar;C:\Users\User-BN3U78\.m2\repository\org\opentest4j\opentest4j\1.3.0\opentest4j-1.3.0.jar;C:\Users\User-BN3U78\.m2\repository\org\junit\platform\junit-platform-commons\1.10.0\junit-platform-commons-1.10.0.jar;C:\Users\User-BN3U78\.m2\repository\org\apiguardian\apiguardian-api\1.1.2\apiguardian-api-1.1.2.jar;C:\Users\User-BN3U78\.m2\repository\nl\jqno\equalsverifier\equalsverifier\3.15.5\equalsverifier-3.15.5.jar;C:\Users\User-BN3U78\.m2\repository\org\objenesis\objenesis\3.3\objenesis-3.3.jar;C:\Users\User-BN3U78\.m2\repository\net\bytebuddy\byte-buddy\1.14.11\byte-buddy-1.14.11.jar;"/>
    <property name="sun.cpu.endian" value="little"/>
    <property name="user.home" value="C:\Users\User-BN3U78"/>
    <property name="user.language" value="ru"/>
    <property name="java.specification.vendor" value="Oracle Corporation"/>
    <property name="java.version.date" value="2023-07-18"/>
    <property name="java.home" value="C:\Program Files\Java\jdk-17"/>
    <property name="file.separator" value="\"/>
    <property name="basedir" value="D:\Desktop\JavaLabs\lab2\demo"/>
    <property name="java.vm.compressedOopsMode" value="Zero based"/>
    <property name="line.separator" value="&#10;"/>
    <property name="java.vm.specification.vendor" value="Oracle Corporation"/>
    <property name="java.specification.name" value="Java Platform API Specification"/>
    <property name="surefire.real.class.path" value="C:\Users\User-BN3U78\AppData\Local\Temp\surefire18315191044107981321\surefirebooter-20251111233638618_3.jar"/>
    <property name="user.script" value=""/>
    <property name="sun.management.compiler" value="HotSpot 64-Bit Tiered Compilers"/>
    <property name="java.runtime.version" value="17.0.8+9-LTS-211"/>
    <property name="user.name" value="User-BN3U78"/>
    <property name="path.separator" value=";"/>
    <property name="os.version" value="10.0"/>
    <property name="java.runtime.name" value="Java(TM) SE Runtime Environment"/>
    <property name="file.encoding" value="Cp1251"/>
    <property name="java.vm.name" value="Java HotSpot(TM) 64-Bit Server VM"/>
    <property name="maven.ext.class.path" value="C:\Users\User-BN3U78\.vscode\extensions\oracle.oracle-java-24.1.2\nbcode\java\maven-nblib\netbeans-eventspy.jar"/>
    <property name="localRepository" value="C:\Users\User-BN3U78\.m2\repository"/>
    <property name="java.vendor.url.bug" value="https://bugreport.java.com/bugreport/"/>
    <property name="java.io.tmpdir" value="C:\Users\USER-B~1\AppData\Local\Temp\"/>
    <property name="java.version" value="17.0.8"/>
    <property name="user.dir" value="D:\Desktop\JavaLabs\lab2\demo"/>
    <property name="os.arch" value="amd64"/>
    <property name="java.vm.specification.name" value="Java Virtual Machine Specification"/>
    <property name="user.language.format" value="uk"/>
    <property name="sun.os.patch.level" value=""/>
    <property name="native.encoding" value="Cp1251"/>
    <property name="java.library.path" value="C:\Program Files\Java\jdk-17\bin;C:\WINDOWS\Sun\Java\bin;C:\WINDOWS\system32;C:\WINDOWS;C:\Program Files\Common Files\Oracle\Java\javapath;C:\Program Files (x86)\Common Files\Oracle\Java\java8path;C:\Program Files (x86)\Common Files\Oracle\Java\javapath;C:\WINDOWS\system32;C:\WINDOWS;C:\WINDOWS\System32\Wbem;C:\WINDOWS\System32\WindowsPowerShell\v1.0\;C:\WINDOWS\System32\OpenSSH\;C:\Program Files\Java\jdk-17\bin;C:\Program Files\Git\cmd;C:\Program Files\nodejs\;C:\Program Files\Microchip\xc8\v2.36\bin;C:\Users\User-BN3U78\AppData\Local\Programs\Python\Python311\Scripts\;C:\Users\User-BN3U78\AppData\Local\Programs\Python\Python311\;C:\Users\User-BN3U78\AppData\Local\Microsoft\WindowsApps;C:\Program Files\JetBrains\PyCharm 2023.2.1\bin;;C:\Users\User-BN3U78\AppData\Local\GitHubDesktop\bin;C:\Program Files\JetBrains\IntelliJ IDEA 2023.2.2\bin;;C:\Users\User-BN3U78\AppData\Local\Programs\Microsoft VS Code\bin;C:\Users\User-BN3U78\AppData\Roaming\npm;."/>
    <property name="java.vm.info" value="mixed mode, sharing"/>
    <property name="java.vendor" value="Oracle Corporation"/>
    <property name="java.vm.version" value="17.0.8+9-LTS-211"/>
    <property name="sun.io.unicode.encoding" value="UnicodeLittle"/>
    <property name="java.class.version" value="61.0"/>
  </properties>
  <testcase name="testEqualsAndHashCodeContract" classname="PersonTest" time="0.282">
    <failure message="EqualsVerifier found a problem in class com.example.Person.&#10;-&gt; Mutability: equals depends on mutable field lastName.&#10;Make the field final, suppress Warning.NONFINAL_FIELDS or use EqualsVerifier.simple()&#10;&#10;For more information, go to: https://www.jqno.nl/equalsverifier/errormessages&#10;(EqualsVerifier 3.15.5, JDK 17.0.8 on Windows 10)" type="java.lang.AssertionError"><![CDATA[java.lang.AssertionError: 
EqualsVerifier found a problem in class com.example.Person.
-> Mutability: equals depends on mutable field lastName.
Make the field final, suppress Warning.NONFINAL_FIELDS or use EqualsVerifier.simple()

For more information, go to: https://www.jqno.nl/equalsverifier/errormessages
(EqualsVerifier 3.15.5, JDK 17.0.8 on Windows 10)
	at nl.jqno.equalsverifier.api.SingleTypeEqualsVerifierApi.verify(SingleTypeEqualsVerifierApi.java:349)
	at PersonTest.testEqualsAndHashCodeContract(PersonTest.java:20)
	at java.base/java.lang.reflect.Method.invoke(Method.java:568)
	at java.base/java.util.ArrayList.forEach(ArrayList.java:1511)
	at java.base/java.util.ArrayList.forEach(ArrayList.java:1511)
Caused by: nl.jqno.equalsverifier.internal.exceptions.AssertionException
	at nl.jqno.equalsverifier.internal.util.Assert.fail(Assert.java:64)
	at nl.jqno.equalsverifier.internal.checkers.fieldchecks.MutableStateFieldCheck.execute(MutableStateFieldCheck.java:57)
	at nl.jqno.equalsverifier.internal.checkers.FieldInspector.check(FieldInspector.java:29)
	at nl.jqno.equalsverifier.internal.checkers.FieldsChecker.check(FieldsChecker.java:73)
	at nl.jqno.equalsverifier.api.SingleTypeEqualsVerifierApi.verifyWithExamples(SingleTypeEqualsVerifierApi.java:466)
	at nl.jqno.equalsverifier.api.SingleTypeEqualsVerifierApi.performVerification(SingleTypeEqualsVerifierApi.java:420)
	at nl.jqno.equalsverifier.api.SingleTypeEqualsVerifierApi.verify(SingleTypeEqualsVerifierApi.java:347)
	... 4 more
]]></failure>
    <system-out><![CDATA[Запускаємо перевірку контракту equals/hashCode для класу Person...
]]></system-out>
  </testcase>
</testsuite>